<html>
<head>
<title>TestNG:  Regression</title>
<link href="../testng.css" rel="stylesheet" type="text/css" />
<link href="../my-testng.css" rel="stylesheet" type="text/css" />

<style type="text/css">
.log { display: none;} 
.stack-trace { display: none;} 
</style>
<script type="text/javascript">
<!--
function flip(e) {
  current = e.style.display;
  if (current == 'block') {
    e.style.display = 'none';
    return 0;
  }
  else {
    e.style.display = 'block';
    return 1;
  }
}

function toggleBox(szDivId, elem, msg1, msg2)
{
  var res = -1;  if (document.getElementById) {
    res = flip(document.getElementById(szDivId));
  }
  else if (document.all) {
    // this is the way old msie versions work
    res = flip(document.all[szDivId]);
  }
  if(elem) {
    if(res == 0) elem.innerHTML = msg1; else elem.innerHTML = msg2;
  }

}

function toggleAllBoxes() {
  if (document.getElementsByTagName) {
    d = document.getElementsByTagName('div');
    for (i = 0; i < d.length; i++) {
      if (d[i].className == 'log') {
        flip(d[i]);
      }
    }
  }
}

// -->
</script>

</head>
<body>
<h2 align='center'>Regression</h2><table border='1' align="center">
<tr>
<td>Tests passed/Failed/Skipped:</td><td>11/3/0</td>
</tr><tr>
<td>Started on:</td><td>Wed Nov 10 15:39:07 IST 2021</td>
</tr>
<tr><td>Total time:</td><td>37 seconds (37855 ms)</td>
</tr><tr>
<td>Included groups:</td><td></td>
</tr><tr>
<td>Excluded groups:</td><td></td>
</tr>
</table><p/>
<small><i>(Hover the method name to see the test class name)</i></small><p/>
<table width='100%' border='1' class='invocation-failed'>
<tr><td colspan='4' align='center'><b>FAILED TESTS</b></td></tr>
<tr><td><b>Test method</b></td>
<td width="30%"><b>Exception</b></td>
<td width="10%"><b>Time (seconds)</b></td>
<td><b>Instance</b></td>
</tr>
<tr>
<td title='TestRunner.MyTestRunner.runScenario()'><b>runScenario</b><br>Test class: TestRunner.MyTestRunner<br>Test method: Runs Cucumber Scenarios<br>Parameters: "Scenario25", "Optional[Cucumber Task 6]"</td>
<td><div><pre>java.lang.IndexOutOfBoundsException: Index 1 out of bounds for length 1
	at java.base/jdk.internal.util.Preconditions.outOfBounds(Preconditions.java:64)
	at java.base/jdk.internal.util.Preconditions.outOfBoundsCheckIndex(Preconditions.java:70)
	at java.base/jdk.internal.util.Preconditions.checkIndex(Preconditions.java:248)
	at java.base/java.util.Objects.checkIndex(Objects.java:372)
	at java.base/java.util.ArrayList.get(ArrayList.java:458)
	at StepDefinitions.Scenario25_Steps.should_select_first_rating_product_to_get_star_ratings_of_that_product(Scenario25_Steps.java:67)
	at ?.Should select first rating product to get star ratings of that product(file:///C:/Users/Somnath.Gaikwad/eclipse-workspace/CucumberTask/src/test/resource/FeatureFiles/Scenario25.feature:8)
</pre></div><a href='#' onClick='toggleBox("stack-trace692376503", this, "Click to show all stack frames", "Click to hide stack frames")'>Click to show all stack frames</a>
<div class='stack-trace' id='stack-trace692376503'><pre>java.lang.IndexOutOfBoundsException: Index 1 out of bounds for length 1
	at java.base/jdk.internal.util.Preconditions.outOfBounds(Preconditions.java:64)
	at java.base/jdk.internal.util.Preconditions.outOfBoundsCheckIndex(Preconditions.java:70)
	at java.base/jdk.internal.util.Preconditions.checkIndex(Preconditions.java:248)
	at java.base/java.util.Objects.checkIndex(Objects.java:372)
	at java.base/java.util.ArrayList.get(ArrayList.java:458)
	at StepDefinitions.Scenario25_Steps.should_select_first_rating_product_to_get_star_ratings_of_that_product(Scenario25_Steps.java:67)
	at ?.Should select first rating product to get star ratings of that product(file:///C:/Users/Somnath.Gaikwad/eclipse-workspace/CucumberTask/src/test/resource/FeatureFiles/Scenario25.feature:8)
</pre></div></td>
<td>27</td>
<td>TestRunner.MyTestRunner@750e2b97</td></tr>
<tr>
<td title='TestRunner.MyTestRunner.runScenario()'><b>runScenario</b><br>Test class: TestRunner.MyTestRunner<br>Test method: Runs Cucumber Scenarios<br>Parameters: "Scenario30", "Optional[Cucumber Tasks 8]"</td>
<td><div><pre>org.openqa.selenium.NoSuchElementException: no such element: Unable to locate element: {&quot;method&quot;:&quot;xpath&quot;,&quot;selector&quot;:&quot;//a[@class=&apos;Krnil&apos;]&quot;}
  (Session info: chrome=95.0.4638.69)
For documentation on this error, please visit: http://seleniumhq.org/exceptions/no_such_element.html
Build info: version: &apos;3.14.0&apos;, revision: &apos;aacccce0&apos;, time: &apos;2018-08-02T20:19:58.91Z&apos;
System info: host: &apos;SOMNATH-PC&apos;, ip: &apos;192.168.0.102&apos;, os.name: &apos;Windows 10&apos;, os.arch: &apos;amd64&apos;, os.version: &apos;10.0&apos;, java.version: &apos;11.0.2&apos;
Driver info: org.openqa.selenium.chrome.ChromeDriver
Capabilities {acceptInsecureCerts: false, browserName: chrome, browserVersion: 95.0.4638.69, chrome: {chromedriverVersion: 94.0.4606.61 (418b78f5838ed..., userDataDir: C:\Users\SOMNAT~1.GAI\AppDa...}, goog:chromeOptions: {debuggerAddress: localhost:55391}, javascriptEnabled: true, networkConnectionEnabled: false, pageLoadStrategy: normal, platform: WINDOWS, platformName: WINDOWS, proxy: Proxy(), setWindowRect: true, strictFileInteractability: false, timeouts: {implicit: 0, pageLoad: 300000, script: 30000}, unhandledPromptBehavior: dismiss and notify, webauthn:extension:credBlob: true, webauthn:extension:largeBlob: true, webauthn:virtualAuthenticators: true}
Session ID: f1b68f5bd411faa2f3205e0df370525d
*** Element info: {Using=xpath, value=//a[@class=&apos;Krnil&apos;]}
	at org.openqa.selenium.remote.http.W3CHttpResponseCodec.createException(W3CHttpResponseCodec.java:187)
	at org.openqa.selenium.remote.http.W3CHttpResponseCodec.decode(W3CHttpResponseCodec.java:122)
	at org.openqa.selenium.remote.http.W3CHttpResponseCodec.decode(W3CHttpResponseCodec.java:49)
	at org.openqa.selenium.remote.HttpCommandExecutor.execute(HttpCommandExecutor.java:158)
	at org.openqa.selenium.remote.service.DriverCommandExecutor.execute(DriverCommandExecutor.java:83)
	at org.openqa.selenium.remote.RemoteWebDriver.execute(RemoteWebDriver.java:548)
	at org.openqa.selenium.remote.RemoteWebDriver.findElement(RemoteWebDriver.java:322)
	at org.openqa.selenium.remote.RemoteWebDriver.findElementByXPath(RemoteWebDriver.java:424)
	at org.openqa.selenium.By$ByXPath.findElement(By.java:353)
	at org.openqa.selenium.remote.RemoteWebDriver.findElement(RemoteWebDriver.java:314)
	at StepDefinitions.Scenario30_Steps.open_the_first_search_link_in_new_windows(Scenario30_Steps.java:35)
	at ?.Open the first search link in new windows.(file:///C:/Users/Somnath.Gaikwad/eclipse-workspace/CucumberTask/src/test/resource/FeatureFiles/Scenario30.feature:6)
... Removed 4 stack frames</pre></div><a href='#' onClick='toggleBox("stack-trace92766404", this, "Click to show all stack frames", "Click to hide stack frames")'>Click to show all stack frames</a>
<div class='stack-trace' id='stack-trace92766404'><pre>org.openqa.selenium.NoSuchElementException: no such element: Unable to locate element: {&quot;method&quot;:&quot;xpath&quot;,&quot;selector&quot;:&quot;//a[@class=&apos;Krnil&apos;]&quot;}
  (Session info: chrome=95.0.4638.69)
For documentation on this error, please visit: http://seleniumhq.org/exceptions/no_such_element.html
Build info: version: &apos;3.14.0&apos;, revision: &apos;aacccce0&apos;, time: &apos;2018-08-02T20:19:58.91Z&apos;
System info: host: &apos;SOMNATH-PC&apos;, ip: &apos;192.168.0.102&apos;, os.name: &apos;Windows 10&apos;, os.arch: &apos;amd64&apos;, os.version: &apos;10.0&apos;, java.version: &apos;11.0.2&apos;
Driver info: org.openqa.selenium.chrome.ChromeDriver
Capabilities {acceptInsecureCerts: false, browserName: chrome, browserVersion: 95.0.4638.69, chrome: {chromedriverVersion: 94.0.4606.61 (418b78f5838ed..., userDataDir: C:\Users\SOMNAT~1.GAI\AppDa...}, goog:chromeOptions: {debuggerAddress: localhost:55391}, javascriptEnabled: true, networkConnectionEnabled: false, pageLoadStrategy: normal, platform: WINDOWS, platformName: WINDOWS, proxy: Proxy(), setWindowRect: true, strictFileInteractability: false, timeouts: {implicit: 0, pageLoad: 300000, script: 30000}, unhandledPromptBehavior: dismiss and notify, webauthn:extension:credBlob: true, webauthn:extension:largeBlob: true, webauthn:virtualAuthenticators: true}
Session ID: f1b68f5bd411faa2f3205e0df370525d
*** Element info: {Using=xpath, value=//a[@class=&apos;Krnil&apos;]}
	at java.base/jdk.internal.reflect.NativeConstructorAccessorImpl.newInstance0(Native Method)
	at java.base/jdk.internal.reflect.NativeConstructorAccessorImpl.newInstance(NativeConstructorAccessorImpl.java:62)
	at java.base/jdk.internal.reflect.DelegatingConstructorAccessorImpl.newInstance(DelegatingConstructorAccessorImpl.java:45)
	at java.base/java.lang.reflect.Constructor.newInstance(Constructor.java:490)
	at org.openqa.selenium.remote.http.W3CHttpResponseCodec.createException(W3CHttpResponseCodec.java:187)
	at org.openqa.selenium.remote.http.W3CHttpResponseCodec.decode(W3CHttpResponseCodec.java:122)
	at org.openqa.selenium.remote.http.W3CHttpResponseCodec.decode(W3CHttpResponseCodec.java:49)
	at org.openqa.selenium.remote.HttpCommandExecutor.execute(HttpCommandExecutor.java:158)
	at org.openqa.selenium.remote.service.DriverCommandExecutor.execute(DriverCommandExecutor.java:83)
	at org.openqa.selenium.remote.RemoteWebDriver.execute(RemoteWebDriver.java:548)
	at org.openqa.selenium.remote.RemoteWebDriver.findElement(RemoteWebDriver.java:322)
	at org.openqa.selenium.remote.RemoteWebDriver.findElementByXPath(RemoteWebDriver.java:424)
	at org.openqa.selenium.By$ByXPath.findElement(By.java:353)
	at org.openqa.selenium.remote.RemoteWebDriver.findElement(RemoteWebDriver.java:314)
	at StepDefinitions.Scenario30_Steps.open_the_first_search_link_in_new_windows(Scenario30_Steps.java:35)
	at ?.Open the first search link in new windows.(file:///C:/Users/Somnath.Gaikwad/eclipse-workspace/CucumberTask/src/test/resource/FeatureFiles/Scenario30.feature:6)
</pre></div></td>
<td>19</td>
<td>TestRunner.MyTestRunner@750e2b97</td></tr>
<tr>
<td title='TestRunner.MyTestRunner.runScenario()'><b>runScenario</b><br>Test class: TestRunner.MyTestRunner<br>Test method: Runs Cucumber Scenarios<br>Parameters: "Scenario29", "Optional[Cucumber Tasks 7]"</td>
<td><div><pre>org.openqa.selenium.NoSuchElementException: no such element: Unable to locate element: {&quot;method&quot;:&quot;xpath&quot;,&quot;selector&quot;:&quot;//a[@class=&apos;Krnil&apos;]&quot;}
  (Session info: chrome=95.0.4638.69)
For documentation on this error, please visit: http://seleniumhq.org/exceptions/no_such_element.html
Build info: version: &apos;3.14.0&apos;, revision: &apos;aacccce0&apos;, time: &apos;2018-08-02T20:19:58.91Z&apos;
System info: host: &apos;SOMNATH-PC&apos;, ip: &apos;192.168.0.102&apos;, os.name: &apos;Windows 10&apos;, os.arch: &apos;amd64&apos;, os.version: &apos;10.0&apos;, java.version: &apos;11.0.2&apos;
Driver info: org.openqa.selenium.chrome.ChromeDriver
Capabilities {acceptInsecureCerts: false, browserName: chrome, browserVersion: 95.0.4638.69, chrome: {chromedriverVersion: 94.0.4606.61 (418b78f5838ed..., userDataDir: C:\Users\SOMNAT~1.GAI\AppDa...}, goog:chromeOptions: {debuggerAddress: localhost:64852}, javascriptEnabled: true, networkConnectionEnabled: false, pageLoadStrategy: normal, platform: WINDOWS, platformName: WINDOWS, proxy: Proxy(), setWindowRect: true, strictFileInteractability: false, timeouts: {implicit: 0, pageLoad: 300000, script: 30000}, unhandledPromptBehavior: dismiss and notify, webauthn:extension:credBlob: true, webauthn:extension:largeBlob: true, webauthn:virtualAuthenticators: true}
Session ID: 26de1da90040c9d4628edb486b28aff0
*** Element info: {Using=xpath, value=//a[@class=&apos;Krnil&apos;]}
	at org.openqa.selenium.remote.http.W3CHttpResponseCodec.createException(W3CHttpResponseCodec.java:187)
	at org.openqa.selenium.remote.http.W3CHttpResponseCodec.decode(W3CHttpResponseCodec.java:122)
	at org.openqa.selenium.remote.http.W3CHttpResponseCodec.decode(W3CHttpResponseCodec.java:49)
	at org.openqa.selenium.remote.HttpCommandExecutor.execute(HttpCommandExecutor.java:158)
	at org.openqa.selenium.remote.service.DriverCommandExecutor.execute(DriverCommandExecutor.java:83)
	at org.openqa.selenium.remote.RemoteWebDriver.execute(RemoteWebDriver.java:548)
	at org.openqa.selenium.remote.RemoteWebDriver.findElement(RemoteWebDriver.java:322)
	at org.openqa.selenium.remote.RemoteWebDriver.findElementByXPath(RemoteWebDriver.java:424)
	at org.openqa.selenium.By$ByXPath.findElement(By.java:353)
	at org.openqa.selenium.remote.RemoteWebDriver.findElement(RemoteWebDriver.java:314)
	at StepDefinitions.Scenario29_Steps.he_search_product_as(Scenario29_Steps.java:41)
	at ?.He search product as &quot;headphone&quot;(file:///C:/Users/Somnath.Gaikwad/eclipse-workspace/CucumberTask/src/test/resource/FeatureFiles/Scenario29.feature:6)
... Removed 4 stack frames</pre></div><a href='#' onClick='toggleBox("stack-trace634726399", this, "Click to show all stack frames", "Click to hide stack frames")'>Click to show all stack frames</a>
<div class='stack-trace' id='stack-trace634726399'><pre>org.openqa.selenium.NoSuchElementException: no such element: Unable to locate element: {&quot;method&quot;:&quot;xpath&quot;,&quot;selector&quot;:&quot;//a[@class=&apos;Krnil&apos;]&quot;}
  (Session info: chrome=95.0.4638.69)
For documentation on this error, please visit: http://seleniumhq.org/exceptions/no_such_element.html
Build info: version: &apos;3.14.0&apos;, revision: &apos;aacccce0&apos;, time: &apos;2018-08-02T20:19:58.91Z&apos;
System info: host: &apos;SOMNATH-PC&apos;, ip: &apos;192.168.0.102&apos;, os.name: &apos;Windows 10&apos;, os.arch: &apos;amd64&apos;, os.version: &apos;10.0&apos;, java.version: &apos;11.0.2&apos;
Driver info: org.openqa.selenium.chrome.ChromeDriver
Capabilities {acceptInsecureCerts: false, browserName: chrome, browserVersion: 95.0.4638.69, chrome: {chromedriverVersion: 94.0.4606.61 (418b78f5838ed..., userDataDir: C:\Users\SOMNAT~1.GAI\AppDa...}, goog:chromeOptions: {debuggerAddress: localhost:64852}, javascriptEnabled: true, networkConnectionEnabled: false, pageLoadStrategy: normal, platform: WINDOWS, platformName: WINDOWS, proxy: Proxy(), setWindowRect: true, strictFileInteractability: false, timeouts: {implicit: 0, pageLoad: 300000, script: 30000}, unhandledPromptBehavior: dismiss and notify, webauthn:extension:credBlob: true, webauthn:extension:largeBlob: true, webauthn:virtualAuthenticators: true}
Session ID: 26de1da90040c9d4628edb486b28aff0
*** Element info: {Using=xpath, value=//a[@class=&apos;Krnil&apos;]}
	at java.base/jdk.internal.reflect.NativeConstructorAccessorImpl.newInstance0(Native Method)
	at java.base/jdk.internal.reflect.NativeConstructorAccessorImpl.newInstance(NativeConstructorAccessorImpl.java:62)
	at java.base/jdk.internal.reflect.DelegatingConstructorAccessorImpl.newInstance(DelegatingConstructorAccessorImpl.java:45)
	at java.base/java.lang.reflect.Constructor.newInstance(Constructor.java:490)
	at org.openqa.selenium.remote.http.W3CHttpResponseCodec.createException(W3CHttpResponseCodec.java:187)
	at org.openqa.selenium.remote.http.W3CHttpResponseCodec.decode(W3CHttpResponseCodec.java:122)
	at org.openqa.selenium.remote.http.W3CHttpResponseCodec.decode(W3CHttpResponseCodec.java:49)
	at org.openqa.selenium.remote.HttpCommandExecutor.execute(HttpCommandExecutor.java:158)
	at org.openqa.selenium.remote.service.DriverCommandExecutor.execute(DriverCommandExecutor.java:83)
	at org.openqa.selenium.remote.RemoteWebDriver.execute(RemoteWebDriver.java:548)
	at org.openqa.selenium.remote.RemoteWebDriver.findElement(RemoteWebDriver.java:322)
	at org.openqa.selenium.remote.RemoteWebDriver.findElementByXPath(RemoteWebDriver.java:424)
	at org.openqa.selenium.By$ByXPath.findElement(By.java:353)
	at org.openqa.selenium.remote.RemoteWebDriver.findElement(RemoteWebDriver.java:314)
	at StepDefinitions.Scenario29_Steps.he_search_product_as(Scenario29_Steps.java:41)
	at ?.He search product as &quot;headphone&quot;(file:///C:/Users/Somnath.Gaikwad/eclipse-workspace/CucumberTask/src/test/resource/FeatureFiles/Scenario29.feature:6)
</pre></div></td>
<td>23</td>
<td>TestRunner.MyTestRunner@750e2b97</td></tr>
</table><p>
<table width='100%' border='1' class='invocation-passed'>
<tr><td colspan='4' align='center'><b>PASSED TESTS</b></td></tr>
<tr><td><b>Test method</b></td>
<td width="30%"><b>Exception</b></td>
<td width="10%"><b>Time (seconds)</b></td>
<td><b>Instance</b></td>
</tr>
<tr>
<td title='TestRunner.MyTestRunner.runScenario()'><b>runScenario</b><br>Test class: TestRunner.MyTestRunner<br>Test method: Runs Cucumber Scenarios<br>Parameters: "Scenario05", "Optional[Cucumber Tasks 1]"</td>
<td></td>
<td>17</td>
<td>TestRunner.MyTestRunner@750e2b97</td></tr>
<tr>
<td title='TestRunner.MyTestRunner.runScenario()'><b>runScenario</b><br>Test class: TestRunner.MyTestRunner<br>Test method: Runs Cucumber Scenarios<br>Parameters: "Scenario46", "Optional[Cucumber Tasks 11]"</td>
<td></td>
<td>19</td>
<td>TestRunner.MyTestRunner@750e2b97</td></tr>
<tr>
<td title='TestRunner.MyTestRunner.runScenario()'><b>runScenario</b><br>Test class: TestRunner.MyTestRunner<br>Test method: Runs Cucumber Scenarios<br>Parameters: "Scenario37", "Optional[Cucumber Task 10]"</td>
<td></td>
<td>7</td>
<td>TestRunner.MyTestRunner@750e2b97</td></tr>
<tr>
<td title='TestRunner.MyTestRunner.runScenario()'><b>runScenario</b><br>Test class: TestRunner.MyTestRunner<br>Test method: Runs Cucumber Scenarios<br>Parameters: "Scenario12", "Optional[Cucumber Tasks 3]"</td>
<td></td>
<td>33</td>
<td>TestRunner.MyTestRunner@750e2b97</td></tr>
<tr>
<td title='TestRunner.MyTestRunner.runScenario()'><b>runScenario</b><br>Test class: TestRunner.MyTestRunner<br>Test method: Runs Cucumber Scenarios<br>Parameters: "Gmail SignUp-Possible Combinations", "Optional[Gmail SignUp Feature]"</td>
<td></td>
<td>17</td>
<td>TestRunner.MyTestRunner@750e2b97</td></tr>
<tr>
<td title='TestRunner.MyTestRunner.runScenario()'><b>runScenario</b><br>Test class: TestRunner.MyTestRunner<br>Test method: Runs Cucumber Scenarios<br>Parameters: "Gmail SignUp-Possible Combinations", "Optional[Gmail SignUp Feature]"</td>
<td></td>
<td>18</td>
<td>TestRunner.MyTestRunner@750e2b97</td></tr>
<tr>
<td title='TestRunner.MyTestRunner.runScenario()'><b>runScenario</b><br>Test class: TestRunner.MyTestRunner<br>Test method: Runs Cucumber Scenarios<br>Parameters: "Gmail SignUp-Possible Combinations", "Optional[Gmail SignUp Feature]"</td>
<td></td>
<td>16</td>
<td>TestRunner.MyTestRunner@750e2b97</td></tr>
<tr>
<td title='TestRunner.MyTestRunner.runScenario()'><b>runScenario</b><br>Test class: TestRunner.MyTestRunner<br>Test method: Runs Cucumber Scenarios<br>Parameters: "Scenario36", "Optional[Cucumber Task 9]"</td>
<td></td>
<td>0</td>
<td>TestRunner.MyTestRunner@750e2b97</td></tr>
<tr>
<td title='TestRunner.MyTestRunner.runScenario()'><b>runScenario</b><br>Test class: TestRunner.MyTestRunner<br>Test method: Runs Cucumber Scenarios<br>Parameters: "Sceanrio23", "Optional[Cucumber Tasks 5]"</td>
<td></td>
<td>27</td>
<td>TestRunner.MyTestRunner@750e2b97</td></tr>
<tr>
<td title='TestRunner.MyTestRunner.runScenario()'><b>runScenario</b><br>Test class: TestRunner.MyTestRunner<br>Test method: Runs Cucumber Scenarios<br>Parameters: "Scenario07", "Optional[Cucumber Tasks 2]"</td>
<td></td>
<td>31</td>
<td>TestRunner.MyTestRunner@750e2b97</td></tr>
<tr>
<td title='TestRunner.MyTestRunner.runScenario()'><b>runScenario</b><br>Test class: TestRunner.MyTestRunner<br>Test method: Runs Cucumber Scenarios<br>Parameters: "Scenario15", "Optional[Cucumber Tasks 4]"</td>
<td></td>
<td>34</td>
<td>TestRunner.MyTestRunner@750e2b97</td></tr>
</table><p>
</body>
</html>