<html>
<head>
<title>TestNG:  Test</title>
<link href="../testng.css" rel="stylesheet" type="text/css" />
<link href="../my-testng.css" rel="stylesheet" type="text/css" />

<style type="text/css">
.log { display: none;} 
.stack-trace { display: none;} 
</style>
<script type="text/javascript">
<!--
function flip(e) {
  current = e.style.display;
  if (current == 'block') {
    e.style.display = 'none';
    return 0;
  }
  else {
    e.style.display = 'block';
    return 1;
  }
}

function toggleBox(szDivId, elem, msg1, msg2)
{
  var res = -1;  if (document.getElementById) {
    res = flip(document.getElementById(szDivId));
  }
  else if (document.all) {
    // this is the way old msie versions work
    res = flip(document.all[szDivId]);
  }
  if(elem) {
    if(res == 0) elem.innerHTML = msg1; else elem.innerHTML = msg2;
  }

}

function toggleAllBoxes() {
  if (document.getElementsByTagName) {
    d = document.getElementsByTagName('div');
    for (i = 0; i < d.length; i++) {
      if (d[i].className == 'log') {
        flip(d[i]);
      }
    }
  }
}

// -->
</script>

</head>
<body>
<h2 align='center'>Test</h2><table border='1' align="center">
<tr>
<td>Tests passed/Failed/Skipped:</td><td>14/2/0</td>
</tr><tr>
<td>Started on:</td><td>Thu Nov 18 17:42:27 IST 2021</td>
</tr>
<tr><td>Total time:</td><td>58 seconds (58640 ms)</td>
</tr><tr>
<td>Included groups:</td><td></td>
</tr><tr>
<td>Excluded groups:</td><td></td>
</tr>
</table><p/>
<small><i>(Hover the method name to see the test class name)</i></small><p/>
<table width='100%' border='1' class='invocation-failed'>
<tr><td colspan='4' align='center'><b>FAILED TESTS</b></td></tr>
<tr><td><b>Test method</b></td>
<td width="30%"><b>Exception</b></td>
<td width="10%"><b>Time (seconds)</b></td>
<td><b>Instance</b></td>
</tr>
<tr>
<td title='TestRunner.MyTestRunner.runScenario()'><b>runScenario</b><br>Test class: TestRunner.MyTestRunner<br>Test method: Runs Cucumber Scenarios<br>Parameters: "Verify Title of Result Page", "Optional[TC13_GoogleSearch]"</td>
<td><div><pre>java.lang.AssertionError: expected [Title Of Page] but found [cucumber - Google Search]
	at StepDefinitions.TC13_GoogleSearch_Steps.he_should_be_verify_title_of_result_page(TC13_GoogleSearch_Steps.java:45)
	at ?.He should be verify title of result page(file:///C:/Users/Somnath.Gaikwad/eclipse-workspace/CucumberTask/src/test/resource/FeatureFiles/TC13_GoogleSearch.feature:7)
... Removed 6 stack frames</pre></div><a href='#' onClick='toggleBox("stack-trace815620645", this, "Click to show all stack frames", "Click to hide stack frames")'>Click to show all stack frames</a>
<div class='stack-trace' id='stack-trace815620645'><pre>java.lang.AssertionError: expected [Title Of Page] but found [cucumber - Google Search]
	at org.testng.Assert.fail(Assert.java:99)
	at org.testng.Assert.failNotEquals(Assert.java:1037)
	at org.testng.Assert.assertEqualsImpl(Assert.java:140)
	at org.testng.Assert.assertEquals(Assert.java:122)
	at org.testng.Assert.assertEquals(Assert.java:629)
	at org.testng.Assert.assertEquals(Assert.java:639)
	at StepDefinitions.TC13_GoogleSearch_Steps.he_should_be_verify_title_of_result_page(TC13_GoogleSearch_Steps.java:45)
	at ?.He should be verify title of result page(file:///C:/Users/Somnath.Gaikwad/eclipse-workspace/CucumberTask/src/test/resource/FeatureFiles/TC13_GoogleSearch.feature:7)
</pre></div></td>
<td>6</td>
<td>TestRunner.MyTestRunner@1e04fa0a</td></tr>
<tr>
<td title='TestRunner.MyTestRunner.runScenario()'><b>runScenario</b><br>Test class: TestRunner.MyTestRunner<br>Test method: Runs Cucumber Scenarios<br>Parameters: "Get text from iframe", "Optional[TC04_Iframe]"</td>
<td><div><pre>org.openqa.selenium.TimeoutException: timeout: Timed out receiving message from renderer: 27.225
  (Session info: chrome=96.0.4664.45)
Build info: version: &apos;3.14.0&apos;, revision: &apos;aacccce0&apos;, time: &apos;2018-08-02T20:19:58.91Z&apos;
System info: host: &apos;SOMNATH-PC&apos;, ip: &apos;192.168.0.103&apos;, os.name: &apos;Windows 10&apos;, os.arch: &apos;amd64&apos;, os.version: &apos;10.0&apos;, java.version: &apos;11.0.2&apos;
Driver info: org.openqa.selenium.chrome.ChromeDriver
Capabilities {acceptInsecureCerts: false, browserName: chrome, browserVersion: 96.0.4664.45, chrome: {chromedriverVersion: 96.0.4664.35 (8df3babf8da8f..., userDataDir: C:\Users\SOMNAT~1.GAI\AppDa...}, goog:chromeOptions: {debuggerAddress: localhost:64880}, javascriptEnabled: true, networkConnectionEnabled: false, pageLoadStrategy: normal, platform: WINDOWS, platformName: WINDOWS, proxy: Proxy(), setWindowRect: true, strictFileInteractability: false, timeouts: {implicit: 0, pageLoad: 300000, script: 30000}, unhandledPromptBehavior: dismiss and notify, webauthn:extension:credBlob: true, webauthn:extension:largeBlob: true, webauthn:virtualAuthenticators: true}
Session ID: a648cf50526145f8657c3c1f4b07cbe2
	at org.openqa.selenium.remote.http.W3CHttpResponseCodec.createException(W3CHttpResponseCodec.java:187)
	at org.openqa.selenium.remote.http.W3CHttpResponseCodec.decode(W3CHttpResponseCodec.java:122)
	at org.openqa.selenium.remote.http.W3CHttpResponseCodec.decode(W3CHttpResponseCodec.java:49)
	at org.openqa.selenium.remote.HttpCommandExecutor.execute(HttpCommandExecutor.java:158)
	at org.openqa.selenium.remote.service.DriverCommandExecutor.execute(DriverCommandExecutor.java:83)
	at org.openqa.selenium.remote.RemoteWebDriver.execute(RemoteWebDriver.java:548)
	at org.openqa.selenium.remote.RemoteWebDriver.get(RemoteWebDriver.java:276)
	at StepDefinitions.TC04_Iframe_Steps.user_is_redirect_on_given_url_as(TC04_Iframe_Steps.java:28)
	at ?.User is redirect on given URL as &quot;https://www.w3schools.com/js/tryit.asp?filename=tryjs_myfirst&quot;(file:///C:/Users/Somnath.Gaikwad/eclipse-workspace/CucumberTask/src/test/resource/FeatureFiles/TC04_Iframe.feature:5)
... Removed 4 stack frames</pre></div><a href='#' onClick='toggleBox("stack-trace826945908", this, "Click to show all stack frames", "Click to hide stack frames")'>Click to show all stack frames</a>
<div class='stack-trace' id='stack-trace826945908'><pre>org.openqa.selenium.TimeoutException: timeout: Timed out receiving message from renderer: 27.225
  (Session info: chrome=96.0.4664.45)
Build info: version: &apos;3.14.0&apos;, revision: &apos;aacccce0&apos;, time: &apos;2018-08-02T20:19:58.91Z&apos;
System info: host: &apos;SOMNATH-PC&apos;, ip: &apos;192.168.0.103&apos;, os.name: &apos;Windows 10&apos;, os.arch: &apos;amd64&apos;, os.version: &apos;10.0&apos;, java.version: &apos;11.0.2&apos;
Driver info: org.openqa.selenium.chrome.ChromeDriver
Capabilities {acceptInsecureCerts: false, browserName: chrome, browserVersion: 96.0.4664.45, chrome: {chromedriverVersion: 96.0.4664.35 (8df3babf8da8f..., userDataDir: C:\Users\SOMNAT~1.GAI\AppDa...}, goog:chromeOptions: {debuggerAddress: localhost:64880}, javascriptEnabled: true, networkConnectionEnabled: false, pageLoadStrategy: normal, platform: WINDOWS, platformName: WINDOWS, proxy: Proxy(), setWindowRect: true, strictFileInteractability: false, timeouts: {implicit: 0, pageLoad: 300000, script: 30000}, unhandledPromptBehavior: dismiss and notify, webauthn:extension:credBlob: true, webauthn:extension:largeBlob: true, webauthn:virtualAuthenticators: true}
Session ID: a648cf50526145f8657c3c1f4b07cbe2
	at java.base/jdk.internal.reflect.NativeConstructorAccessorImpl.newInstance0(Native Method)
	at java.base/jdk.internal.reflect.NativeConstructorAccessorImpl.newInstance(NativeConstructorAccessorImpl.java:62)
	at java.base/jdk.internal.reflect.DelegatingConstructorAccessorImpl.newInstance(DelegatingConstructorAccessorImpl.java:45)
	at java.base/java.lang.reflect.Constructor.newInstance(Constructor.java:490)
	at org.openqa.selenium.remote.http.W3CHttpResponseCodec.createException(W3CHttpResponseCodec.java:187)
	at org.openqa.selenium.remote.http.W3CHttpResponseCodec.decode(W3CHttpResponseCodec.java:122)
	at org.openqa.selenium.remote.http.W3CHttpResponseCodec.decode(W3CHttpResponseCodec.java:49)
	at org.openqa.selenium.remote.HttpCommandExecutor.execute(HttpCommandExecutor.java:158)
	at org.openqa.selenium.remote.service.DriverCommandExecutor.execute(DriverCommandExecutor.java:83)
	at org.openqa.selenium.remote.RemoteWebDriver.execute(RemoteWebDriver.java:548)
	at org.openqa.selenium.remote.RemoteWebDriver.get(RemoteWebDriver.java:276)
	at StepDefinitions.TC04_Iframe_Steps.user_is_redirect_on_given_url_as(TC04_Iframe_Steps.java:28)
	at ?.User is redirect on given URL as &quot;https://www.w3schools.com/js/tryit.asp?filename=tryjs_myfirst&quot;(file:///C:/Users/Somnath.Gaikwad/eclipse-workspace/CucumberTask/src/test/resource/FeatureFiles/TC04_Iframe.feature:5)
</pre></div></td>
<td>36</td>
<td>TestRunner.MyTestRunner@1e04fa0a</td></tr>
</table><p>
<table width='100%' border='1' class='invocation-passed'>
<tr><td colspan='4' align='center'><b>PASSED TESTS</b></td></tr>
<tr><td><b>Test method</b></td>
<td width="30%"><b>Exception</b></td>
<td width="10%"><b>Time (seconds)</b></td>
<td><b>Instance</b></td>
</tr>
<tr>
<td title='TestRunner.MyTestRunner.runScenario()'><b>runScenario</b><br>Test class: TestRunner.MyTestRunner<br>Test method: Runs Cucumber Scenarios<br>Parameters: "Read and Write ExcellFile", "Optional[TC10_ExcellFile]"</td>
<td></td>
<td>0</td>
<td>TestRunner.MyTestRunner@1e04fa0a</td></tr>
<tr>
<td title='TestRunner.MyTestRunner.runScenario()'><b>runScenario</b><br>Test class: TestRunner.MyTestRunner<br>Test method: Runs Cucumber Scenarios<br>Parameters: "Gmail SignUp-Possible Combinations", "Optional[TC01_GmailSignUp]"</td>
<td></td>
<td>37</td>
<td>TestRunner.MyTestRunner@1e04fa0a</td></tr>
<tr>
<td title='TestRunner.MyTestRunner.runScenario()'><b>runScenario</b><br>Test class: TestRunner.MyTestRunner<br>Test method: Runs Cucumber Scenarios<br>Parameters: "To get URL and Browser Value from ExcellSheet", "Optional[TC11_ExcellSheet]"</td>
<td></td>
<td>13</td>
<td>TestRunner.MyTestRunner@1e04fa0a</td></tr>
<tr>
<td title='TestRunner.MyTestRunner.runScenario()'><b>runScenario</b><br>Test class: TestRunner.MyTestRunner<br>Test method: Runs Cucumber Scenarios<br>Parameters: "To get star rating of product", "Optional[TC06_Flipkart]"</td>
<td></td>
<td>51</td>
<td>TestRunner.MyTestRunner@1e04fa0a</td></tr>
<tr>
<td title='TestRunner.MyTestRunner.runScenario()'><b>runScenario</b><br>Test class: TestRunner.MyTestRunner<br>Test method: Runs Cucumber Scenarios<br>Parameters: "Open result link in new tab", "Optional[TC08_OpenNewTab]"</td>
<td></td>
<td>19</td>
<td>TestRunner.MyTestRunner@1e04fa0a</td></tr>
<tr>
<td title='TestRunner.MyTestRunner.runScenario()'><b>runScenario</b><br>Test class: TestRunner.MyTestRunner<br>Test method: Runs Cucumber Scenarios<br>Parameters: "booking of most cheapest flight", "Optional[TC12_Goibibo]"</td>
<td></td>
<td>18</td>
<td>TestRunner.MyTestRunner@1e04fa0a</td></tr>
<tr>
<td title='TestRunner.MyTestRunner.runScenario()'><b>runScenario</b><br>Test class: TestRunner.MyTestRunner<br>Test method: Runs Cucumber Scenarios<br>Parameters: "Gmail SignUp-Possible Combinations", "Optional[TC01_GmailSignUp]"</td>
<td></td>
<td>20</td>
<td>TestRunner.MyTestRunner@1e04fa0a</td></tr>
<tr>
<td title='TestRunner.MyTestRunner.runScenario()'><b>runScenario</b><br>Test class: TestRunner.MyTestRunner<br>Test method: Runs Cucumber Scenarios<br>Parameters: "Verify the List Of Categories", "Optional[TC03_VerifySnapdealCategories]"</td>
<td></td>
<td>51</td>
<td>TestRunner.MyTestRunner@1e04fa0a</td></tr>
<tr>
<td title='TestRunner.MyTestRunner.runScenario()'><b>runScenario</b><br>Test class: TestRunner.MyTestRunner<br>Test method: Runs Cucumber Scenarios<br>Parameters: "Open result link in new window", "Optional[TC09_OpenNewWindow]"</td>
<td></td>
<td>15</td>
<td>TestRunner.MyTestRunner@1e04fa0a</td></tr>
<tr>
<td title='TestRunner.MyTestRunner.runScenario()'><b>runScenario</b><br>Test class: TestRunner.MyTestRunner<br>Test method: Runs Cucumber Scenarios<br>Parameters: "Gmail SignUp-Possible Combinations", "Optional[TC01_GmailSignUp]"</td>
<td></td>
<td>46</td>
<td>TestRunner.MyTestRunner@1e04fa0a</td></tr>
<tr>
<td title='TestRunner.MyTestRunner.runScenario()'><b>runScenario</b><br>Test class: TestRunner.MyTestRunner<br>Test method: Runs Cucumber Scenarios<br>Parameters: "Verify Prouct falls between given range", "Optional[TC05_VerifySnapdealProduct]"</td>
<td></td>
<td>51</td>
<td>TestRunner.MyTestRunner@1e04fa0a</td></tr>
<tr>
<td title='TestRunner.MyTestRunner.runScenario()'><b>runScenario</b><br>Test class: TestRunner.MyTestRunner<br>Test method: Runs Cucumber Scenarios<br>Parameters: "Image Uploading", "Optional[TC02_PostImage]"</td>
<td></td>
<td>47</td>
<td>TestRunner.MyTestRunner@1e04fa0a</td></tr>
<tr>
<td title='TestRunner.MyTestRunner.runScenario()'><b>runScenario</b><br>Test class: TestRunner.MyTestRunner<br>Test method: Runs Cucumber Scenarios<br>Parameters: "Gmail SignUp-Possible Combinations", "Optional[TC01_GmailSignUp]"</td>
<td></td>
<td>50</td>
<td>TestRunner.MyTestRunner@1e04fa0a</td></tr>
<tr>
<td title='TestRunner.MyTestRunner.runScenario()'><b>runScenario</b><br>Test class: TestRunner.MyTestRunner<br>Test method: Runs Cucumber Scenarios<br>Parameters: "To get star rating of first product", "Optional[TC07_Amazon]"</td>
<td></td>
<td>52</td>
<td>TestRunner.MyTestRunner@1e04fa0a</td></tr>
</table><p>
</body>
</html>