<?xml version="1.0" encoding="UTF-8"?>
<!-- Generated by org.testng.reporters.JUnitReportReporter -->
<testsuite hostname="Somnath-PC" failures="0" tests="14" name="StepDefinitions.MyTestRunner" time="308.055" errors="1" timestamp="2021-11-09T23:55:50 IST" skipped="0">
  <testcase classname="StepDefinitions.MyTestRunner" name="runScenario" time="32.688"/>
  <system-out/>
  <testcase classname="StepDefinitions.MyTestRunner" name="runScenario" time="45.169"/>
  <system-out/>
  <testcase classname="StepDefinitions.MyTestRunner" name="runScenario" time="37.363"/>
  <system-out/>
  <testcase classname="StepDefinitions.MyTestRunner" name="runScenario" time="20.277"/>
  <system-out/>
  <testcase classname="StepDefinitions.MyTestRunner" name="runScenario" time="27.286">
    <error message="Index 1 out of bounds for length 1" type="java.lang.IndexOutOfBoundsException">
      <![CDATA[java.lang.IndexOutOfBoundsException: Index 1 out of bounds for length 1
at java.base/jdk.internal.util.Preconditions.outOfBounds(Preconditions.java:64)
at java.base/jdk.internal.util.Preconditions.outOfBoundsCheckIndex(Preconditions.java:70)
at java.base/jdk.internal.util.Preconditions.checkIndex(Preconditions.java:248)
at java.base/java.util.Objects.checkIndex(Objects.java:372)
at java.base/java.util.ArrayList.get(ArrayList.java:458)
at StepDefinitions.Scenario25_Steps.should_select_first_rating_product_to_get_star_ratings_of_that_product(Scenario25_Steps.java:67)
at âœ½.Should select first rating product to get star ratings of that product(file:///C:/Users/Somnath.Gaikwad/eclipse-workspace/CucumberTask/src/test/resource/FeatureFiles/Scenario25.feature:8)
]]>
    </error>
  </testcase> <!-- runScenario -->
  <system-out/>
  <testcase classname="StepDefinitions.MyTestRunner" name="runScenario" time="16.891"/>
  <system-out/>
  <testcase classname="StepDefinitions.MyTestRunner" name="runScenario" time="13.657"/>
  <system-out/>
  <testcase classname="StepDefinitions.MyTestRunner" name="runScenario" time="17.619"/>
  <system-out/>
  <testcase classname="StepDefinitions.MyTestRunner" name="runScenario" time="17.172"/>
  <system-out/>
  <testcase classname="StepDefinitions.MyTestRunner" name="runScenario" time="26.799"/>
  <system-out/>
  <testcase classname="StepDefinitions.MyTestRunner" name="runScenario" time="0.493"/>
  <system-out/>
  <testcase classname="StepDefinitions.MyTestRunner" name="runScenario" time="20.449"/>
  <system-out/>
  <testcase classname="StepDefinitions.MyTestRunner" name="runScenario" time="8.363"/>
  <system-out/>
  <testcase classname="StepDefinitions.MyTestRunner" name="runScenario" time="23.829"/>
  <system-out/>
</testsuite> <!-- StepDefinitions.MyTestRunner -->
