<?xml version="1.0" encoding="UTF-8"?>
<!-- Generated by org.testng.reporters.JUnitReportReporter -->
<testsuite hostname="Somnath-PC" failures="1" tests="16" name="TestRunner.MyTestRunner" time="520.802" errors="1" timestamp="2021-11-18T17:43:28 IST" skipped="0">
  <testcase classname="TestRunner.MyTestRunner" name="runScenario" time="0.792"/>
  <system-out/>
  <testcase classname="TestRunner.MyTestRunner" name="runScenario" time="37.651"/>
  <system-out/>
  <testcase classname="TestRunner.MyTestRunner" name="runScenario" time="13.256"/>
  <system-out/>
  <testcase classname="TestRunner.MyTestRunner" name="runScenario" time="51.778"/>
  <system-out/>
  <testcase classname="TestRunner.MyTestRunner" name="runScenario" time="19.698"/>
  <system-out/>
  <testcase classname="TestRunner.MyTestRunner" name="runScenario" time="18.210"/>
  <system-out/>
  <testcase classname="TestRunner.MyTestRunner" name="runScenario" time="20.207"/>
  <system-out/>
  <testcase classname="TestRunner.MyTestRunner" name="runScenario" time="51.716"/>
  <system-out/>
  <testcase classname="TestRunner.MyTestRunner" name="runScenario" time="15.162"/>
  <system-out/>
  <testcase classname="TestRunner.MyTestRunner" name="runScenario" time="46.215"/>
  <system-out/>
  <testcase classname="TestRunner.MyTestRunner" name="runScenario" time="6.985">
    <failure message="expected [Title Of Page] but found [cucumber - Google Search]" type="java.lang.AssertionError">
      <![CDATA[java.lang.AssertionError: expected [Title Of Page] but found [cucumber - Google Search]
at org.testng.Assert.fail(Assert.java:99)
at org.testng.Assert.failNotEquals(Assert.java:1037)
at org.testng.Assert.assertEqualsImpl(Assert.java:140)
at org.testng.Assert.assertEquals(Assert.java:122)
at org.testng.Assert.assertEquals(Assert.java:629)
at org.testng.Assert.assertEquals(Assert.java:639)
at StepDefinitions.TC13_GoogleSearch_Steps.he_should_be_verify_title_of_result_page(TC13_GoogleSearch_Steps.java:45)
at ✽.He should be verify title of result page(file:///C:/Users/Somnath.Gaikwad/eclipse-workspace/CucumberTask/src/test/resource/FeatureFiles/TC13_GoogleSearch.feature:7)
]]>
    </failure>
  </testcase> <!-- runScenario -->
  <system-out/>
  <testcase classname="TestRunner.MyTestRunner" name="runScenario" time="51.810"/>
  <system-out/>
  <testcase classname="TestRunner.MyTestRunner" name="runScenario" time="47.270"/>
  <system-out/>
  <testcase classname="TestRunner.MyTestRunner" name="runScenario" time="50.342"/>
  <system-out/>
  <testcase classname="TestRunner.MyTestRunner" name="runScenario" time="36.932">
    <error message="timeout: Timed out receiving message from renderer: 27.225
  (Session info: chrome=96.0.4664.45)
Build info: version: &#039;3.14.0&#039;, revision: &#039;aacccce0&#039;, time: &#039;2018-08-02T20:19:58.91Z&#039;
System info: host: &#039;SOMNATH-PC&#039;, ip: &#039;192.168.0.103&#039;, os.name: &#039;Windows 10&#039;, os.arch: &#039;amd64&#039;, os.version: &#039;10.0&#039;, java.version: &#039;11.0.2&#039;
Driver info: org.openqa.selenium.chrome.ChromeDriver
Capabilities {acceptInsecureCerts: false, browserName: chrome, browserVersion: 96.0.4664.45, chrome: {chromedriverVersion: 96.0.4664.35 (8df3babf8da8f..., userDataDir: C:\Users\SOMNAT~1.GAI\AppDa...}, goog:chromeOptions: {debuggerAddress: localhost:64880}, javascriptEnabled: true, networkConnectionEnabled: false, pageLoadStrategy: normal, platform: WINDOWS, platformName: WINDOWS, proxy: Proxy(), setWindowRect: true, strictFileInteractability: false, timeouts: {implicit: 0, pageLoad: 300000, script: 30000}, unhandledPromptBehavior: dismiss and notify, webauthn:extension:credBlob: true, webauthn:extension:largeBlob: true, webauthn:virtualAuthenticators: true}
Session ID: a648cf50526145f8657c3c1f4b07cbe2" type="org.openqa.selenium.TimeoutException">
      <![CDATA[org.openqa.selenium.TimeoutException: timeout: Timed out receiving message from renderer: 27.225
  (Session info: chrome=96.0.4664.45)
Build info: version: '3.14.0', revision: 'aacccce0', time: '2018-08-02T20:19:58.91Z'
System info: host: 'SOMNATH-PC', ip: '192.168.0.103', os.name: 'Windows 10', os.arch: 'amd64', os.version: '10.0', java.version: '11.0.2'
Driver info: org.openqa.selenium.chrome.ChromeDriver
Capabilities {acceptInsecureCerts: false, browserName: chrome, browserVersion: 96.0.4664.45, chrome: {chromedriverVersion: 96.0.4664.35 (8df3babf8da8f..., userDataDir: C:\Users\SOMNAT~1.GAI\AppDa...}, goog:chromeOptions: {debuggerAddress: localhost:64880}, javascriptEnabled: true, networkConnectionEnabled: false, pageLoadStrategy: normal, platform: WINDOWS, platformName: WINDOWS, proxy: Proxy(), setWindowRect: true, strictFileInteractability: false, timeouts: {implicit: 0, pageLoad: 300000, script: 30000}, unhandledPromptBehavior: dismiss and notify, webauthn:extension:credBlob: true, webauthn:extension:largeBlob: true, webauthn:virtualAuthenticators: true}
Session ID: a648cf50526145f8657c3c1f4b07cbe2
at java.base/jdk.internal.reflect.NativeConstructorAccessorImpl.newInstance0(Native Method)
at java.base/jdk.internal.reflect.NativeConstructorAccessorImpl.newInstance(NativeConstructorAccessorImpl.java:62)
at java.base/jdk.internal.reflect.DelegatingConstructorAccessorImpl.newInstance(DelegatingConstructorAccessorImpl.java:45)
at java.base/java.lang.reflect.Constructor.newInstance(Constructor.java:490)
at org.openqa.selenium.remote.http.W3CHttpResponseCodec.createException(W3CHttpResponseCodec.java:187)
at org.openqa.selenium.remote.http.W3CHttpResponseCodec.decode(W3CHttpResponseCodec.java:122)
at org.openqa.selenium.remote.http.W3CHttpResponseCodec.decode(W3CHttpResponseCodec.java:49)
at org.openqa.selenium.remote.HttpCommandExecutor.execute(HttpCommandExecutor.java:158)
at org.openqa.selenium.remote.service.DriverCommandExecutor.execute(DriverCommandExecutor.java:83)
at org.openqa.selenium.remote.RemoteWebDriver.execute(RemoteWebDriver.java:548)
at org.openqa.selenium.remote.RemoteWebDriver.get(RemoteWebDriver.java:276)
at StepDefinitions.TC04_Iframe_Steps.user_is_redirect_on_given_url_as(TC04_Iframe_Steps.java:28)
at ✽.User is redirect on given URL as "https://www.w3schools.com/js/tryit.asp?filename=tryjs_myfirst"(file:///C:/Users/Somnath.Gaikwad/eclipse-workspace/CucumberTask/src/test/resource/FeatureFiles/TC04_Iframe.feature:5)
]]>
    </error>
  </testcase> <!-- runScenario -->
  <system-out/>
  <testcase classname="TestRunner.MyTestRunner" name="runScenario" time="52.778"/>
  <system-out/>
</testsuite> <!-- TestRunner.MyTestRunner -->
